<?xml version="1.0" encoding="UTF-8"?>
<!-- Generated by org.testng.reporters.JUnitXMLReporter -->
<testsuite ignored="1" hostname="J6VC893" failures="0" tests="2" name="GoogleSearch" time="6.95" errors="0" timestamp="2023-02-14T21:54:48 EST">
  <testcase classname="GoogleSearchPageTestNG2" name="googleSearchTest3" time="2.874"/>
  <testcase classname="GoogleSearchPageTestNG" name="googleSearchTest" time="2.882"/>
  <testcase classname="GoogleSearchPageTestNG2" name="googleSearchTest2" time="0.0">
    <ignored/>
  </testcase> <!-- googleSearchTest2 -->
</testsuite> <!-- GoogleSearch -->
