<?xml version="1.0" encoding="UTF-8"?>
<!-- Generated by org.testng.reporters.JUnitXMLReporter -->
<testsuite ignored="1" hostname="J6VC893" failures="0" tests="2" name="Groups" time="0.059" errors="0" timestamp="2023-03-07T20:57:26 EST">
  <testcase classname="TestNGProrityDemo.GroupingDemo" name="Test" time="0.006"/>
  <testcase classname="TestNGProrityDemo.GroupingDemo" name="Test2" time="0.0"/>
  <testcase classname="TestNGProrityDemo.GroupingDemo" name="Test3" time="0.0">
    <ignored/>
  </testcase> <!-- Test3 -->
</testsuite> <!-- Groups -->
