<?xml version="1.0" encoding="UTF-8"?>
<!-- Generated by org.testng.reporters.JUnitXMLReporter -->
<testsuite ignored="0" hostname="J6VC893" failures="1" tests="6" name="Listeners" time="8.308" errors="0" timestamp="2023-03-02T18:02:39 EST">
  <testcase classname="TestNGListeners.TestListenersDemo" name="test1" time="0.005"/>
  <testcase classname="TestNGListeners.TestListenersDemo" name="test2" time="8.244"/>
  <testcase classname="TestNGListeners.TestListenersDemo" name="test3" time="0.001">
    <skipped/>
  </testcase> <!-- test3 -->
  <testcase classname="TestNGListeners.TestListenersDemo2" name="test4" time="0.0"/>
  <testcase classname="TestNGListeners.TestListenersDemo2" name="test5" time="0.002">
    <failure type="java.lang.AssertionError">
      <![CDATA[java.lang.AssertionError
at org.junit.Assert.fail(Assert.java:87)
at org.junit.Assert.assertTrue(Assert.java:42)
at org.junit.Assert.assertTrue(Assert.java:53)
at TestNGListeners.TestListenersDemo2.test5(TestListenersDemo2.java:18)
at java.base/java.util.ArrayList.forEach(ArrayList.java:1511)
at com.intellij.rt.testng.IDEARemoteTestNG.run(IDEARemoteTestNG.java:66)
at com.intellij.rt.testng.RemoteTestNGStarter.main(RemoteTestNGStarter.java:109)
... Removed 24 stack frames]]>
    </failure>
  </testcase> <!-- test5 -->
  <testcase classname="TestNGListeners.TestListenersDemo2" name="test6" time="0.0">
    <skipped/>
  </testcase> <!-- test6 -->
</testsuite> <!-- Listeners -->
